{"/Users/yinjames/projects/lc-totp-app/src/i18n.ts": {"path":"/Users/yinjames/projects/lc-totp-app/src/i18n.ts","statementMap":{"0":{"start":{"line":6,"column":0},"end":{"line":22,"column":5}}},"fnMap":{},"branchMap":{},"s":{"0":0},"f":{},"b":{}}
,"/Users/yinjames/projects/lc-totp-app/src/components/Button.tsx": {"path":"/Users/yinjames/projects/lc-totp-app/src/components/Button.tsx","statementMap":{"0":{"start":{"line":21,"column":45},"end":{"line":49,"column":1}},"1":{"start":{"line":29,"column":23},"end":{"line":29,"column":42}},"2":{"start":{"line":31,"column":4},"end":{"line":48,"column":6}},"3":{"start":{"line":51,"column":15},"end":{"line":69,"column":2}}},"fnMap":{"0":{"name":"(anonymous_0)","decl":{"start":{"line":21,"column":45},"end":{"line":21,"column":46}},"loc":{"start":{"line":28,"column":6},"end":{"line":49,"column":1}},"line":28}},"branchMap":{"0":{"loc":{"start":{"line":24,"column":4},"end":{"line":24,"column":20}},"type":"default-arg","locations":[{"start":{"line":24,"column":15},"end":{"line":24,"column":20}}],"line":24},"1":{"loc":{"start":{"line":25,"column":4},"end":{"line":25,"column":19}},"type":"default-arg","locations":[{"start":{"line":25,"column":14},"end":{"line":25,"column":19}}],"line":25},"2":{"loc":{"start":{"line":29,"column":23},"end":{"line":29,"column":42}},"type":"binary-expr","locations":[{"start":{"line":29,"column":23},"end":{"line":29,"column":31}},{"start":{"line":29,"column":35},"end":{"line":29,"column":42}}],"line":29},"3":{"loc":{"start":{"line":35,"column":16},"end":{"line":35,"column":51}},"type":"binary-expr","locations":[{"start":{"line":35,"column":16},"end":{"line":35,"column":26}},{"start":{"line":35,"column":30},"end":{"line":35,"column":51}}],"line":35},"4":{"loc":{"start":{"line":42,"column":13},"end":{"line":46,"column":13}},"type":"cond-expr","locations":[{"start":{"line":43,"column":16},"end":{"line":43,"column":96}},{"start":{"line":45,"column":16},"end":{"line":45,"column":69}}],"line":42}},"s":{"0":1,"1":5,"2":5,"3":1},"f":{"0":5},"b":{"0":[4],"1":[4],"2":[5,4],"3":[5,2],"4":[1,4]},"_coverageSchema":"1a1c01bbd47fc00a2c39e90264f33305004495a9","hash":"010eacece7b08bdef724049c307b94dff02b4635"}
,"/Users/yinjames/projects/lc-totp-app/src/components/Card.tsx": {"path":"/Users/yinjames/projects/lc-totp-app/src/components/Card.tsx","statementMap":{"0":{"start":{"line":18,"column":41},"end":{"line":36,"column":1}},"1":{"start":{"line":24,"column":20},"end":{"line":24,"column":53}},"2":{"start":{"line":26,"column":2},"end":{"line":35,"column":4}},"3":{"start":{"line":38,"column":15},"end":{"line":62,"column":2}}},"fnMap":{"0":{"name":"(anonymous_0)","decl":{"start":{"line":18,"column":41},"end":{"line":18,"column":42}},"loc":{"start":{"line":23,"column":6},"end":{"line":36,"column":1}},"line":23}},"branchMap":{"0":{"loc":{"start":{"line":24,"column":20},"end":{"line":24,"column":53}},"type":"cond-expr","locations":[{"start":{"line":24,"column":30},"end":{"line":24,"column":46}},{"start":{"line":24,"column":49},"end":{"line":24,"column":53}}],"line":24}},"s":{"0":0,"1":0,"2":0,"3":0},"f":{"0":0},"b":{"0":[0,0]}}
,"/Users/yinjames/projects/lc-totp-app/src/components/ErrorBoundary.tsx": {"path":"/Users/yinjames/projects/lc-totp-app/src/components/ErrorBoundary.tsx","statementMap":{"0":{"start":{"line":16,"column":24},"end":{"line":19,"column":3}},"1":{"start":{"line":22,"column":4},"end":{"line":25,"column":6}},"2":{"start":{"line":29,"column":4},"end":{"line":29,"column":55}},"3":{"start":{"line":32,"column":24},"end":{"line":37,"column":3}},"4":{"start":{"line":33,"column":4},"end":{"line":36,"column":7}},"5":{"start":{"line":40,"column":4},"end":{"line":59,"column":5}},"6":{"start":{"line":41,"column":6},"end":{"line":43,"column":7}},"7":{"start":{"line":42,"column":8},"end":{"line":42,"column":35}},"8":{"start":{"line":45,"column":6},"end":{"line":58,"column":8}},"9":{"start":{"line":61,"column":4},"end":{"line":61,"column":31}},"10":{"start":{"line":65,"column":15},"end":{"line":97,"column":2}}},"fnMap":{"0":{"name":"(anonymous_0)","decl":{"start":{"line":21,"column":2},"end":{"line":21,"column":3}},"loc":{"start":{"line":21,"column":62},"end":{"line":26,"column":3}},"line":21},"1":{"name":"(anonymous_1)","decl":{"start":{"line":28,"column":2},"end":{"line":28,"column":3}},"loc":{"start":{"line":28,"column":63},"end":{"line":30,"column":3}},"line":28},"2":{"name":"(anonymous_2)","decl":{"start":{"line":32,"column":24},"end":{"line":32,"column":25}},"loc":{"start":{"line":32,"column":30},"end":{"line":37,"column":3}},"line":32},"3":{"name":"(anonymous_3)","decl":{"start":{"line":39,"column":2},"end":{"line":39,"column":3}},"loc":{"start":{"line":39,"column":18},"end":{"line":62,"column":3}},"line":39}},"branchMap":{"0":{"loc":{"start":{"line":40,"column":4},"end":{"line":59,"column":5}},"type":"if","locations":[{"start":{"line":40,"column":4},"end":{"line":59,"column":5}},{"start":{},"end":{}}],"line":40},"1":{"loc":{"start":{"line":41,"column":6},"end":{"line":43,"column":7}},"type":"if","locations":[{"start":{"line":41,"column":6},"end":{"line":43,"column":7}},{"start":{},"end":{}}],"line":41},"2":{"loc":{"start":{"line":49,"column":13},"end":{"line":49,"column":72}},"type":"binary-expr","locations":[{"start":{"line":49,"column":13},"end":{"line":49,"column":38}},{"start":{"line":49,"column":42},"end":{"line":49,"column":72}}],"line":49}},"s":{"0":0,"1":0,"2":0,"3":0,"4":0,"5":0,"6":0,"7":0,"8":0,"9":0,"10":0},"f":{"0":0,"1":0,"2":0,"3":0},"b":{"0":[0,0],"1":[0,0],"2":[0,0]}}
,"/Users/yinjames/projects/lc-totp-app/src/components/Input.tsx": {"path":"/Users/yinjames/projects/lc-totp-app/src/components/Input.tsx","statementMap":{"0":{"start":{"line":22,"column":21},"end":{"line":52,"column":1}},"1":{"start":{"line":35,"column":4},"end":{"line":50,"column":6}},"2":{"start":{"line":54,"column":15},"end":{"line":84,"column":2}}},"fnMap":{"0":{"name":"(anonymous_0)","decl":{"start":{"line":23,"column":2},"end":{"line":23,"column":3}},"loc":{"start":{"line":34,"column":7},"end":{"line":51,"column":3}},"line":34}},"branchMap":{"0":{"loc":{"start":{"line":37,"column":9},"end":{"line":37,"column":73}},"type":"binary-expr","locations":[{"start":{"line":37,"column":9},"end":{"line":37,"column":14}},{"start":{"line":37,"column":18},"end":{"line":37,"column":73}}],"line":37},"1":{"loc":{"start":{"line":42,"column":12},"end":{"line":42,"column":38}},"type":"binary-expr","locations":[{"start":{"line":42,"column":12},"end":{"line":42,"column":17}},{"start":{"line":42,"column":21},"end":{"line":42,"column":38}}],"line":42},"2":{"loc":{"start":{"line":48,"column":9},"end":{"line":48,"column":73}},"type":"binary-expr","locations":[{"start":{"line":48,"column":9},"end":{"line":48,"column":14}},{"start":{"line":48,"column":18},"end":{"line":48,"column":73}}],"line":48}},"s":{"0":0,"1":0,"2":0},"f":{"0":0},"b":{"0":[0,0],"1":[0,0],"2":[0,0]}}
,"/Users/yinjames/projects/lc-totp-app/src/components/Loading.tsx": {"path":"/Users/yinjames/projects/lc-totp-app/src/components/Loading.tsx","statementMap":{"0":{"start":{"line":17,"column":47},"end":{"line":34,"column":1}},"1":{"start":{"line":23,"column":2},"end":{"line":33,"column":4}},"2":{"start":{"line":36,"column":15},"end":{"line":51,"column":2}}},"fnMap":{"0":{"name":"(anonymous_0)","decl":{"start":{"line":17,"column":47},"end":{"line":17,"column":48}},"loc":{"start":{"line":22,"column":6},"end":{"line":34,"column":1}},"line":22}},"branchMap":{"0":{"loc":{"start":{"line":18,"column":2},"end":{"line":18,"column":16}},"type":"default-arg","locations":[{"start":{"line":18,"column":9},"end":{"line":18,"column":16}}],"line":18},"1":{"loc":{"start":{"line":19,"column":2},"end":{"line":19,"column":30}},"type":"default-arg","locations":[{"start":{"line":19,"column":10},"end":{"line":19,"column":30}}],"line":19},"2":{"loc":{"start":{"line":21,"column":2},"end":{"line":21,"column":20}},"type":"default-arg","locations":[{"start":{"line":21,"column":15},"end":{"line":21,"column":20}}],"line":21},"3":{"loc":{"start":{"line":27,"column":8},"end":{"line":27,"column":39}},"type":"binary-expr","locations":[{"start":{"line":27,"column":8},"end":{"line":27,"column":18}},{"start":{"line":27,"column":22},"end":{"line":27,"column":39}}],"line":27}},"s":{"0":0,"1":0,"2":0},"f":{"0":0},"b":{"0":[0],"1":[0],"2":[0],"3":[0,0]}}
,"/Users/yinjames/projects/lc-totp-app/src/components/TOTPInput.tsx": {"path":"/Users/yinjames/projects/lc-totp-app/src/components/TOTPInput.tsx","statementMap":{"0":{"start":{"line":10,"column":44},"end":{"line":54,"column":1}},"1":{"start":{"line":11,"column":26},"end":{"line":11,"column":38}},"2":{"start":{"line":12,"column":28},"end":{"line":12,"column":40}},"3":{"start":{"line":13,"column":25},"end":{"line":13,"column":34}},"4":{"start":{"line":15,"column":2},"end":{"line":28,"column":45}},"5":{"start":{"line":17,"column":4},"end":{"line":17,"column":17}},"6":{"start":{"line":19,"column":4},"end":{"line":27,"column":5}},"7":{"start":{"line":20,"column":22},"end":{"line":20,"column":53}},"8":{"start":{"line":21,"column":6},"end":{"line":26,"column":7}},"9":{"start":{"line":22,"column":8},"end":{"line":22,"column":22}},"10":{"start":{"line":24,"column":8},"end":{"line":24,"column":33}},"11":{"start":{"line":25,"column":8},"end":{"line":25,"column":20}},"12":{"start":{"line":30,"column":23},"end":{"line":38,"column":3}},"13":{"start":{"line":32,"column":25},"end":{"line":32,"column":52}},"14":{"start":{"line":34,"column":20},"end":{"line":34,"column":44}},"15":{"start":{"line":35,"column":4},"end":{"line":35,"column":21}},"16":{"start":{"line":37,"column":4},"end":{"line":37,"column":17}},"17":{"start":{"line":40,"column":2},"end":{"line":53,"column":4}},"18":{"start":{"line":56,"column":15},"end":{"line":78,"column":2}}},"fnMap":{"0":{"name":"(anonymous_0)","decl":{"start":{"line":10,"column":44},"end":{"line":10,"column":45}},"loc":{"start":{"line":10,"column":72},"end":{"line":54,"column":1}},"line":10},"1":{"name":"(anonymous_1)","decl":{"start":{"line":15,"column":12},"end":{"line":15,"column":13}},"loc":{"start":{"line":15,"column":18},"end":{"line":28,"column":3}},"line":15},"2":{"name":"(anonymous_2)","decl":{"start":{"line":30,"column":23},"end":{"line":30,"column":24}},"loc":{"start":{"line":30,"column":41},"end":{"line":38,"column":3}},"line":30}},"branchMap":{"0":{"loc":{"start":{"line":19,"column":4},"end":{"line":27,"column":5}},"type":"if","locations":[{"start":{"line":19,"column":4},"end":{"line":27,"column":5}},{"start":{},"end":{}}],"line":19},"1":{"loc":{"start":{"line":21,"column":6},"end":{"line":26,"column":7}},"type":"if","locations":[{"start":{"line":21,"column":6},"end":{"line":26,"column":7}},{"start":{"line":23,"column":13},"end":{"line":26,"column":7}}],"line":21},"2":{"loc":{"start":{"line":43,"column":30},"end":{"line":43,"column":62}},"type":"cond-expr","locations":[{"start":{"line":43,"column":38},"end":{"line":43,"column":55}},{"start":{"line":43,"column":58},"end":{"line":43,"column":62}}],"line":43},"3":{"loc":{"start":{"line":51,"column":7},"end":{"line":51,"column":67}},"type":"cond-expr","locations":[{"start":{"line":51,"column":15},"end":{"line":51,"column":60}},{"start":{"line":51,"column":63},"end":{"line":51,"column":67}}],"line":51}},"s":{"0":1,"1":23,"2":23,"3":23,"4":23,"5":17,"6":17,"7":10,"8":10,"9":2,"10":8,"11":8,"12":23,"13":7,"14":7,"15":7,"16":7,"17":23,"18":1},"f":{"0":23,"1":17,"2":7},"b":{"0":[10,7],"1":[2,8],"2":[8,15],"3":[8,15]},"_coverageSchema":"1a1c01bbd47fc00a2c39e90264f33305004495a9","hash":"e0461dce2286e40a31c2cc052c523b032077b7ea"}
,"/Users/yinjames/projects/lc-totp-app/src/contexts/LanguageContext.tsx": {"path":"/Users/yinjames/projects/lc-totp-app/src/contexts/LanguageContext.tsx","statementMap":{"0":{"start":{"line":12,"column":24},"end":{"line":12,"column":81}},"1":{"start":{"line":14,"column":32},"end":{"line":43,"column":1}},"2":{"start":{"line":15,"column":34},"end":{"line":15,"column":62}},"3":{"start":{"line":17,"column":2},"end":{"line":25,"column":9}},"4":{"start":{"line":19,"column":4},"end":{"line":24,"column":7}},"5":{"start":{"line":20,"column":6},"end":{"line":23,"column":7}},"6":{"start":{"line":21,"column":8},"end":{"line":21,"column":51}},"7":{"start":{"line":22,"column":8},"end":{"line":22,"column":43}},"8":{"start":{"line":27,"column":28},"end":{"line":31,"column":3}},"9":{"start":{"line":28,"column":4},"end":{"line":28,"column":29}},"10":{"start":{"line":29,"column":4},"end":{"line":29,"column":37}},"11":{"start":{"line":30,"column":4},"end":{"line":30,"column":50}},"12":{"start":{"line":33,"column":2},"end":{"line":42,"column":4}},"13":{"start":{"line":45,"column":34},"end":{"line":51,"column":1}},"14":{"start":{"line":46,"column":18},"end":{"line":46,"column":45}},"15":{"start":{"line":47,"column":2},"end":{"line":49,"column":3}},"16":{"start":{"line":48,"column":4},"end":{"line":48,"column":81}},"17":{"start":{"line":50,"column":2},"end":{"line":50,"column":17}}},"fnMap":{"0":{"name":"(anonymous_0)","decl":{"start":{"line":14,"column":32},"end":{"line":14,"column":33}},"loc":{"start":{"line":14,"column":81},"end":{"line":43,"column":1}},"line":14},"1":{"name":"(anonymous_1)","decl":{"start":{"line":17,"column":12},"end":{"line":17,"column":13}},"loc":{"start":{"line":17,"column":18},"end":{"line":25,"column":3}},"line":17},"2":{"name":"(anonymous_2)","decl":{"start":{"line":19,"column":42},"end":{"line":19,"column":43}},"loc":{"start":{"line":19,"column":61},"end":{"line":24,"column":5}},"line":19},"3":{"name":"(anonymous_3)","decl":{"start":{"line":27,"column":28},"end":{"line":27,"column":29}},"loc":{"start":{"line":27,"column":59},"end":{"line":31,"column":3}},"line":27},"4":{"name":"(anonymous_4)","decl":{"start":{"line":45,"column":34},"end":{"line":45,"column":35}},"loc":{"start":{"line":45,"column":40},"end":{"line":51,"column":1}},"line":45}},"branchMap":{"0":{"loc":{"start":{"line":20,"column":6},"end":{"line":23,"column":7}},"type":"if","locations":[{"start":{"line":20,"column":6},"end":{"line":23,"column":7}},{"start":{},"end":{}}],"line":20},"1":{"loc":{"start":{"line":47,"column":2},"end":{"line":49,"column":3}},"type":"if","locations":[{"start":{"line":47,"column":2},"end":{"line":49,"column":3}},{"start":{},"end":{}}],"line":47}},"s":{"0":0,"1":0,"2":0,"3":0,"4":0,"5":0,"6":0,"7":0,"8":0,"9":0,"10":0,"11":0,"12":0,"13":0,"14":0,"15":0,"16":0,"17":0},"f":{"0":0,"1":0,"2":0,"3":0,"4":0},"b":{"0":[0,0],"1":[0,0]}}
,"/Users/yinjames/projects/lc-totp-app/src/contexts/ThemeContext.tsx": {"path":"/Users/yinjames/projects/lc-totp-app/src/contexts/ThemeContext.tsx","statementMap":{"0":{"start":{"line":13,"column":21},"end":{"line":13,"column":75}},"1":{"start":{"line":16,"column":28},"end":{"line":16,"column":44}},"2":{"start":{"line":17,"column":28},"end":{"line":17,"column":57}},"3":{"start":{"line":19,"column":2},"end":{"line":26,"column":9}},"4":{"start":{"line":21,"column":4},"end":{"line":25,"column":7}},"5":{"start":{"line":22,"column":6},"end":{"line":24,"column":7}},"6":{"start":{"line":23,"column":8},"end":{"line":23,"column":42}},"7":{"start":{"line":28,"column":25},"end":{"line":31,"column":3}},"8":{"start":{"line":29,"column":4},"end":{"line":29,"column":23}},"9":{"start":{"line":30,"column":4},"end":{"line":30,"column":44}},"10":{"start":{"line":34,"column":4},"end":{"line":34,"column":72}},"11":{"start":{"line":36,"column":2},"end":{"line":46,"column":4}},"12":{"start":{"line":50,"column":18},"end":{"line":50,"column":42}},"13":{"start":{"line":51,"column":2},"end":{"line":53,"column":3}},"14":{"start":{"line":52,"column":4},"end":{"line":52,"column":75}},"15":{"start":{"line":54,"column":2},"end":{"line":54,"column":17}}},"fnMap":{"0":{"name":"ThemeProvider","decl":{"start":{"line":15,"column":16},"end":{"line":15,"column":29}},"loc":{"start":{"line":15,"column":75},"end":{"line":47,"column":1}},"line":15},"1":{"name":"(anonymous_1)","decl":{"start":{"line":19,"column":12},"end":{"line":19,"column":13}},"loc":{"start":{"line":19,"column":18},"end":{"line":26,"column":3}},"line":19},"2":{"name":"(anonymous_2)","decl":{"start":{"line":21,"column":39},"end":{"line":21,"column":40}},"loc":{"start":{"line":21,"column":55},"end":{"line":25,"column":5}},"line":21},"3":{"name":"(anonymous_3)","decl":{"start":{"line":28,"column":25},"end":{"line":28,"column":26}},"loc":{"start":{"line":28,"column":50},"end":{"line":31,"column":3}},"line":28},"4":{"name":"useThemeContext","decl":{"start":{"line":49,"column":16},"end":{"line":49,"column":31}},"loc":{"start":{"line":49,"column":34},"end":{"line":55,"column":1}},"line":49}},"branchMap":{"0":{"loc":{"start":{"line":22,"column":6},"end":{"line":24,"column":7}},"type":"if","locations":[{"start":{"line":22,"column":6},"end":{"line":24,"column":7}},{"start":{},"end":{}}],"line":22},"1":{"loc":{"start":{"line":34,"column":4},"end":{"line":34,"column":72}},"type":"cond-expr","locations":[{"start":{"line":34,"column":25},"end":{"line":34,"column":53}},{"start":{"line":34,"column":56},"end":{"line":34,"column":72}}],"line":34},"2":{"loc":{"start":{"line":51,"column":2},"end":{"line":53,"column":3}},"type":"if","locations":[{"start":{"line":51,"column":2},"end":{"line":53,"column":3}},{"start":{},"end":{}}],"line":51}},"s":{"0":0,"1":0,"2":0,"3":0,"4":0,"5":0,"6":0,"7":0,"8":0,"9":0,"10":0,"11":0,"12":0,"13":0,"14":0,"15":0},"f":{"0":0,"1":0,"2":0,"3":0,"4":0},"b":{"0":[0,0],"1":[0,0],"2":[0,0]}}
,"/Users/yinjames/projects/lc-totp-app/src/contexts/TotpContext.tsx": {"path":"/Users/yinjames/projects/lc-totp-app/src/contexts/TotpContext.tsx","statementMap":{"0":{"start":{"line":7,"column":20},"end":{"line":7,"column":73}},"1":{"start":{"line":9,"column":23},"end":{"line":15,"column":1}},"2":{"start":{"line":10,"column":18},"end":{"line":10,"column":41}},"3":{"start":{"line":11,"column":2},"end":{"line":13,"column":3}},"4":{"start":{"line":12,"column":4},"end":{"line":12,"column":66}},"5":{"start":{"line":14,"column":2},"end":{"line":14,"column":17}},"6":{"start":{"line":17,"column":21},"end":{"line":24,"column":2}},"7":{"start":{"line":17,"column":72},"end":{"line":24,"column":1}},"8":{"start":{"line":26,"column":69},"end":{"line":82,"column":1}},"9":{"start":{"line":27,"column":32},"end":{"line":27,"column":58}},"10":{"start":{"line":28,"column":36},"end":{"line":28,"column":50}},"11":{"start":{"line":29,"column":28},"end":{"line":29,"column":57}},"12":{"start":{"line":31,"column":2},"end":{"line":40,"column":9}},"13":{"start":{"line":32,"column":4},"end":{"line":39,"column":5}},"14":{"start":{"line":33,"column":28},"end":{"line":33,"column":55}},"15":{"start":{"line":34,"column":6},"end":{"line":34,"column":32}},"16":{"start":{"line":36,"column":6},"end":{"line":36,"column":53}},"17":{"start":{"line":38,"column":6},"end":{"line":38,"column":26}},"18":{"start":{"line":42,"column":22},"end":{"line":49,"column":8}},"19":{"start":{"line":43,"column":4},"end":{"line":48,"column":5}},"20":{"start":{"line":44,"column":6},"end":{"line":44,"column":45}},"21":{"start":{"line":45,"column":6},"end":{"line":45,"column":29}},"22":{"start":{"line":47,"column":6},"end":{"line":47,"column":53}},"23":{"start":{"line":51,"column":20},"end":{"line":55,"column":8}},"24":{"start":{"line":52,"column":22},"end":{"line":52,"column":50}},"25":{"start":{"line":53,"column":4},"end":{"line":53,"column":39}},"26":{"start":{"line":54,"column":4},"end":{"line":54,"column":45}},"27":{"start":{"line":54,"column":23},"end":{"line":54,"column":43}},"28":{"start":{"line":57,"column":23},"end":{"line":65,"column":19}},"29":{"start":{"line":58,"column":4},"end":{"line":64,"column":5}},"30":{"start":{"line":59,"column":6},"end":{"line":59,"column":31}},"31":{"start":{"line":60,"column":11},"end":{"line":64,"column":5}},"32":{"start":{"line":61,"column":28},"end":{"line":61,"column":59}},"33":{"start":{"line":62,"column":6},"end":{"line":62,"column":48}},"34":{"start":{"line":63,"column":6},"end":{"line":63,"column":97}},"35":{"start":{"line":63,"column":25},"end":{"line":63,"column":95}},"36":{"start":{"line":63,"column":44},"end":{"line":63,"column":94}},"37":{"start":{"line":67,"column":23},"end":{"line":70,"column":8}},"38":{"start":{"line":68,"column":4},"end":{"line":68,"column":35}},"39":{"start":{"line":69,"column":4},"end":{"line":69,"column":64}},"40":{"start":{"line":69,"column":23},"end":{"line":69,"column":62}},"41":{"start":{"line":69,"column":45},"end":{"line":69,"column":61}},"42":{"start":{"line":72,"column":16},"end":{"line":79,"column":3}},"43":{"start":{"line":81,"column":2},"end":{"line":81,"column":79}}},"fnMap":{"0":{"name":"(anonymous_0)","decl":{"start":{"line":9,"column":23},"end":{"line":9,"column":24}},"loc":{"start":{"line":9,"column":29},"end":{"line":15,"column":1}},"line":9},"1":{"name":"(anonymous_1)","decl":{"start":{"line":17,"column":21},"end":{"line":17,"column":22}},"loc":{"start":{"line":17,"column":72},"end":{"line":24,"column":1}},"line":17},"2":{"name":"(anonymous_2)","decl":{"start":{"line":26,"column":69},"end":{"line":26,"column":70}},"loc":{"start":{"line":26,"column":87},"end":{"line":82,"column":1}},"line":26},"3":{"name":"(anonymous_3)","decl":{"start":{"line":31,"column":12},"end":{"line":31,"column":13}},"loc":{"start":{"line":31,"column":18},"end":{"line":40,"column":3}},"line":31},"4":{"name":"(anonymous_4)","decl":{"start":{"line":42,"column":34},"end":{"line":42,"column":35}},"loc":{"start":{"line":42,"column":64},"end":{"line":49,"column":3}},"line":42},"5":{"name":"(anonymous_5)","decl":{"start":{"line":51,"column":32},"end":{"line":51,"column":33}},"loc":{"start":{"line":51,"column":58},"end":{"line":55,"column":3}},"line":51},"6":{"name":"(anonymous_6)","decl":{"start":{"line":54,"column":15},"end":{"line":54,"column":16}},"loc":{"start":{"line":54,"column":23},"end":{"line":54,"column":43}},"line":54},"7":{"name":"(anonymous_7)","decl":{"start":{"line":57,"column":35},"end":{"line":57,"column":36}},"loc":{"start":{"line":57,"column":98},"end":{"line":65,"column":3}},"line":57},"8":{"name":"(anonymous_8)","decl":{"start":{"line":63,"column":17},"end":{"line":63,"column":18}},"loc":{"start":{"line":63,"column":25},"end":{"line":63,"column":95}},"line":63},"9":{"name":"(anonymous_9)","decl":{"start":{"line":63,"column":34},"end":{"line":63,"column":35}},"loc":{"start":{"line":63,"column":44},"end":{"line":63,"column":94}},"line":63},"10":{"name":"(anonymous_10)","decl":{"start":{"line":67,"column":35},"end":{"line":67,"column":36}},"loc":{"start":{"line":67,"column":51},"end":{"line":70,"column":3}},"line":67},"11":{"name":"(anonymous_11)","decl":{"start":{"line":69,"column":15},"end":{"line":69,"column":16}},"loc":{"start":{"line":69,"column":23},"end":{"line":69,"column":62}},"line":69},"12":{"name":"(anonymous_12)","decl":{"start":{"line":69,"column":35},"end":{"line":69,"column":36}},"loc":{"start":{"line":69,"column":45},"end":{"line":69,"column":61}},"line":69}},"branchMap":{"0":{"loc":{"start":{"line":11,"column":2},"end":{"line":13,"column":3}},"type":"if","locations":[{"start":{"line":11,"column":2},"end":{"line":13,"column":3}},{"start":{},"end":{}}],"line":11},"1":{"loc":{"start":{"line":21,"column":4},"end":{"line":23,"column":25}},"type":"cond-expr","locations":[{"start":{"line":21,"column":33},"end":{"line":21,"column":52}},{"start":{"line":22,"column":4},"end":{"line":23,"column":25}}],"line":21},"2":{"loc":{"start":{"line":22,"column":4},"end":{"line":23,"column":25}},"type":"cond-expr","locations":[{"start":{"line":22,"column":35},"end":{"line":22,"column":56}},{"start":{"line":23,"column":4},"end":{"line":23,"column":25}}],"line":22},"3":{"loc":{"start":{"line":58,"column":4},"end":{"line":64,"column":5}},"type":"if","locations":[{"start":{"line":58,"column":4},"end":{"line":64,"column":5}},{"start":{"line":60,"column":11},"end":{"line":64,"column":5}}],"line":58},"4":{"loc":{"start":{"line":60,"column":11},"end":{"line":64,"column":5}},"type":"if","locations":[{"start":{"line":60,"column":11},"end":{"line":64,"column":5}},{"start":{},"end":{}}],"line":60},"5":{"loc":{"start":{"line":63,"column":44},"end":{"line":63,"column":94}},"type":"cond-expr","locations":[{"start":{"line":63,"column":72},"end":{"line":63,"column":85}},{"start":{"line":63,"column":88},"end":{"line":63,"column":94}}],"line":63}},"s":{"0":0,"1":0,"2":0,"3":0,"4":0,"5":0,"6":0,"7":0,"8":0,"9":0,"10":0,"11":0,"12":0,"13":0,"14":0,"15":0,"16":0,"17":0,"18":0,"19":0,"20":0,"21":0,"22":0,"23":0,"24":0,"25":0,"26":0,"27":0,"28":0,"29":0,"30":0,"31":0,"32":0,"33":0,"34":0,"35":0,"36":0,"37":0,"38":0,"39":0,"40":0,"41":0,"42":0,"43":0},"f":{"0":0,"1":0,"2":0,"3":0,"4":0,"5":0,"6":0,"7":0,"8":0,"9":0,"10":0,"11":0,"12":0},"b":{"0":[0,0],"1":[0,0],"2":[0,0],"3":[0,0],"4":[0,0],"5":[0,0]}}
,"/Users/yinjames/projects/lc-totp-app/src/hooks/useAppState.ts": {"path":"/Users/yinjames/projects/lc-totp-app/src/hooks/useAppState.ts","statementMap":{"0":{"start":{"line":19,"column":27},"end":{"line":98,"column":1}},"1":{"start":{"line":20,"column":34},"end":{"line":20,"column":87}},"2":{"start":{"line":21,"column":32},"end":{"line":21,"column":57}},"3":{"start":{"line":22,"column":36},"end":{"line":22,"column":50}},"4":{"start":{"line":23,"column":28},"end":{"line":23,"column":56}},"5":{"start":{"line":25,"column":26},"end":{"line":40,"column":8}},"6":{"start":{"line":26,"column":4},"end":{"line":39,"column":5}},"7":{"start":{"line":27,"column":6},"end":{"line":27,"column":25}},"8":{"start":{"line":28,"column":46},"end":{"line":31,"column":8}},"9":{"start":{"line":32,"column":6},"end":{"line":32,"column":34}},"10":{"start":{"line":33,"column":6},"end":{"line":33,"column":32}},"11":{"start":{"line":34,"column":6},"end":{"line":34,"column":21}},"12":{"start":{"line":36,"column":6},"end":{"line":36,"column":78}},"13":{"start":{"line":38,"column":6},"end":{"line":38,"column":26}},"14":{"start":{"line":42,"column":25},"end":{"line":46,"column":16}},"15":{"start":{"line":43,"column":28},"end":{"line":43,"column":59}},"16":{"start":{"line":44,"column":4},"end":{"line":44,"column":33}},"17":{"start":{"line":45,"column":4},"end":{"line":45,"column":49}},"18":{"start":{"line":48,"column":19},"end":{"line":51,"column":8}},"19":{"start":{"line":49,"column":4},"end":{"line":49,"column":41}},"20":{"start":{"line":49,"column":23},"end":{"line":49,"column":39}},"21":{"start":{"line":50,"column":4},"end":{"line":50,"column":35}},"22":{"start":{"line":53,"column":22},"end":{"line":56,"column":8}},"23":{"start":{"line":54,"column":4},"end":{"line":54,"column":69}},"24":{"start":{"line":54,"column":23},"end":{"line":54,"column":67}},"25":{"start":{"line":54,"column":37},"end":{"line":54,"column":66}},"26":{"start":{"line":55,"column":4},"end":{"line":55,"column":38}},"27":{"start":{"line":58,"column":22},"end":{"line":61,"column":8}},"28":{"start":{"line":59,"column":4},"end":{"line":59,"column":54}},"29":{"start":{"line":59,"column":23},"end":{"line":59,"column":52}},"30":{"start":{"line":59,"column":40},"end":{"line":59,"column":51}},"31":{"start":{"line":60,"column":4},"end":{"line":60,"column":35}},"32":{"start":{"line":63,"column":25},"end":{"line":71,"column":8}},"33":{"start":{"line":64,"column":4},"end":{"line":70,"column":5}},"34":{"start":{"line":65,"column":28},"end":{"line":65,"column":61}},"35":{"start":{"line":66,"column":6},"end":{"line":66,"column":32}},"36":{"start":{"line":67,"column":6},"end":{"line":67,"column":21}},"37":{"start":{"line":69,"column":6},"end":{"line":69,"column":84}},"38":{"start":{"line":73,"column":2},"end":{"line":85,"column":40}},"39":{"start":{"line":74,"column":4},"end":{"line":74,"column":22}},"40":{"start":{"line":76,"column":25},"end":{"line":80,"column":6}},"41":{"start":{"line":77,"column":6},"end":{"line":79,"column":7}},"42":{"start":{"line":78,"column":8},"end":{"line":78,"column":25}},"43":{"start":{"line":82,"column":4},"end":{"line":84,"column":6}},"44":{"start":{"line":83,"column":6},"end":{"line":83,"column":28}},"45":{"start":{"line":87,"column":2},"end":{"line":97,"column":4}}},"fnMap":{"0":{"name":"(anonymous_0)","decl":{"start":{"line":19,"column":27},"end":{"line":19,"column":28}},"loc":{"start":{"line":19,"column":52},"end":{"line":98,"column":1}},"line":19},"1":{"name":"(anonymous_1)","decl":{"start":{"line":25,"column":38},"end":{"line":25,"column":39}},"loc":{"start":{"line":25,"column":50},"end":{"line":40,"column":3}},"line":25},"2":{"name":"(anonymous_2)","decl":{"start":{"line":42,"column":37},"end":{"line":42,"column":38}},"loc":{"start":{"line":42,"column":76},"end":{"line":46,"column":3}},"line":42},"3":{"name":"(anonymous_3)","decl":{"start":{"line":48,"column":31},"end":{"line":48,"column":32}},"loc":{"start":{"line":48,"column":53},"end":{"line":51,"column":3}},"line":48},"4":{"name":"(anonymous_4)","decl":{"start":{"line":49,"column":15},"end":{"line":49,"column":16}},"loc":{"start":{"line":49,"column":23},"end":{"line":49,"column":39}},"line":49},"5":{"name":"(anonymous_5)","decl":{"start":{"line":53,"column":34},"end":{"line":53,"column":35}},"loc":{"start":{"line":53,"column":56},"end":{"line":56,"column":3}},"line":53},"6":{"name":"(anonymous_6)","decl":{"start":{"line":54,"column":15},"end":{"line":54,"column":16}},"loc":{"start":{"line":54,"column":23},"end":{"line":54,"column":67}},"line":54},"7":{"name":"(anonymous_7)","decl":{"start":{"line":54,"column":32},"end":{"line":54,"column":33}},"loc":{"start":{"line":54,"column":37},"end":{"line":54,"column":66}},"line":54},"8":{"name":"(anonymous_8)","decl":{"start":{"line":58,"column":34},"end":{"line":58,"column":35}},"loc":{"start":{"line":58,"column":50},"end":{"line":61,"column":3}},"line":58},"9":{"name":"(anonymous_9)","decl":{"start":{"line":59,"column":15},"end":{"line":59,"column":16}},"loc":{"start":{"line":59,"column":23},"end":{"line":59,"column":52}},"line":59},"10":{"name":"(anonymous_10)","decl":{"start":{"line":59,"column":35},"end":{"line":59,"column":36}},"loc":{"start":{"line":59,"column":40},"end":{"line":59,"column":51}},"line":59},"11":{"name":"(anonymous_11)","decl":{"start":{"line":63,"column":37},"end":{"line":63,"column":38}},"loc":{"start":{"line":63,"column":49},"end":{"line":71,"column":3}},"line":63},"12":{"name":"(anonymous_12)","decl":{"start":{"line":73,"column":12},"end":{"line":73,"column":13}},"loc":{"start":{"line":73,"column":18},"end":{"line":85,"column":3}},"line":73},"13":{"name":"(anonymous_13)","decl":{"start":{"line":76,"column":61},"end":{"line":76,"column":62}},"loc":{"start":{"line":76,"column":95},"end":{"line":80,"column":5}},"line":76},"14":{"name":"(anonymous_14)","decl":{"start":{"line":82,"column":11},"end":{"line":82,"column":12}},"loc":{"start":{"line":82,"column":17},"end":{"line":84,"column":5}},"line":82}},"branchMap":{"0":{"loc":{"start":{"line":36,"column":15},"end":{"line":36,"column":76}},"type":"cond-expr","locations":[{"start":{"line":36,"column":38},"end":{"line":36,"column":41}},{"start":{"line":36,"column":44},"end":{"line":36,"column":76}}],"line":36},"1":{"loc":{"start":{"line":54,"column":37},"end":{"line":54,"column":66}},"type":"cond-expr","locations":[{"start":{"line":54,"column":57},"end":{"line":54,"column":62}},{"start":{"line":54,"column":65},"end":{"line":54,"column":66}}],"line":54},"2":{"loc":{"start":{"line":69,"column":15},"end":{"line":69,"column":82}},"type":"cond-expr","locations":[{"start":{"line":69,"column":38},"end":{"line":69,"column":41}},{"start":{"line":69,"column":44},"end":{"line":69,"column":82}}],"line":69},"3":{"loc":{"start":{"line":77,"column":6},"end":{"line":79,"column":7}},"type":"if","locations":[{"start":{"line":77,"column":6},"end":{"line":79,"column":7}},{"start":{},"end":{}}],"line":77}},"s":{"0":0,"1":0,"2":0,"3":0,"4":0,"5":0,"6":0,"7":0,"8":0,"9":0,"10":0,"11":0,"12":0,"13":0,"14":0,"15":0,"16":0,"17":0,"18":0,"19":0,"20":0,"21":0,"22":0,"23":0,"24":0,"25":0,"26":0,"27":0,"28":0,"29":0,"30":0,"31":0,"32":0,"33":0,"34":0,"35":0,"36":0,"37":0,"38":0,"39":0,"40":0,"41":0,"42":0,"43":0,"44":0,"45":0},"f":{"0":0,"1":0,"2":0,"3":0,"4":0,"5":0,"6":0,"7":0,"8":0,"9":0,"10":0,"11":0,"12":0,"13":0,"14":0},"b":{"0":[0,0],"1":[0,0],"2":[0,0],"3":[0,0]}}
,"/Users/yinjames/projects/lc-totp-app/src/hooks/useAuth.ts": {"path":"/Users/yinjames/projects/lc-totp-app/src/hooks/useAuth.ts","statementMap":{"0":{"start":{"line":17,"column":23},"end":{"line":143,"column":1}},"1":{"start":{"line":18,"column":36},"end":{"line":22,"column":4}},"2":{"start":{"line":23,"column":36},"end":{"line":23,"column":50}},"3":{"start":{"line":24,"column":28},"end":{"line":24,"column":56}},"4":{"start":{"line":26,"column":24},"end":{"line":36,"column":8}},"5":{"start":{"line":27,"column":4},"end":{"line":35,"column":5}},"6":{"start":{"line":28,"column":20},"end":{"line":28,"column":55}},"7":{"start":{"line":29,"column":6},"end":{"line":29,"column":26}},"8":{"start":{"line":30,"column":6},"end":{"line":30,"column":21}},"9":{"start":{"line":32,"column":6},"end":{"line":32,"column":84}},"10":{"start":{"line":34,"column":6},"end":{"line":34,"column":26}},"11":{"start":{"line":38,"column":23},"end":{"line":78,"column":36}},"12":{"start":{"line":39,"column":4},"end":{"line":77,"column":5}},"13":{"start":{"line":40,"column":6},"end":{"line":47,"column":7}},"14":{"start":{"line":41,"column":8},"end":{"line":45,"column":12}},"15":{"start":{"line":41,"column":30},"end":{"line":45,"column":9}},"16":{"start":{"line":46,"column":8},"end":{"line":46,"column":20}},"17":{"start":{"line":49,"column":26},"end":{"line":49,"column":70}},"18":{"start":{"line":50,"column":6},"end":{"line":52,"column":7}},"19":{"start":{"line":51,"column":8},"end":{"line":51,"column":84}},"20":{"start":{"line":54,"column":25},"end":{"line":54,"column":68}},"21":{"start":{"line":55,"column":6},"end":{"line":57,"column":7}},"22":{"start":{"line":56,"column":8},"end":{"line":56,"column":61}},"23":{"start":{"line":59,"column":21},"end":{"line":62,"column":8}},"24":{"start":{"line":64,"column":6},"end":{"line":71,"column":7}},"25":{"start":{"line":65,"column":8},"end":{"line":69,"column":12}},"26":{"start":{"line":65,"column":30},"end":{"line":69,"column":9}},"27":{"start":{"line":70,"column":8},"end":{"line":70,"column":20}},"28":{"start":{"line":73,"column":6},"end":{"line":73,"column":19}},"29":{"start":{"line":75,"column":6},"end":{"line":75,"column":80}},"30":{"start":{"line":76,"column":6},"end":{"line":76,"column":19}},"31":{"start":{"line":80,"column":26},"end":{"line":103,"column":17}},"32":{"start":{"line":81,"column":4},"end":{"line":102,"column":5}},"33":{"start":{"line":82,"column":26},"end":{"line":82,"column":70}},"34":{"start":{"line":83,"column":6},"end":{"line":85,"column":7}},"35":{"start":{"line":84,"column":8},"end":{"line":84,"column":84}},"36":{"start":{"line":87,"column":25},"end":{"line":87,"column":68}},"37":{"start":{"line":88,"column":6},"end":{"line":90,"column":7}},"38":{"start":{"line":89,"column":8},"end":{"line":89,"column":61}},"39":{"start":{"line":92,"column":6},"end":{"line":95,"column":10}},"40":{"start":{"line":92,"column":28},"end":{"line":95,"column":7}},"41":{"start":{"line":96,"column":6},"end":{"line":99,"column":9}},"42":{"start":{"line":101,"column":6},"end":{"line":101,"column":100}},"43":{"start":{"line":105,"column":27},"end":{"line":114,"column":17}},"44":{"start":{"line":106,"column":4},"end":{"line":109,"column":8}},"45":{"start":{"line":106,"column":26},"end":{"line":109,"column":5}},"46":{"start":{"line":110,"column":4},"end":{"line":113,"column":7}},"47":{"start":{"line":116,"column":17},"end":{"line":127,"column":17}},"48":{"start":{"line":117,"column":4},"end":{"line":121,"column":8}},"49":{"start":{"line":117,"column":26},"end":{"line":121,"column":5}},"50":{"start":{"line":122,"column":4},"end":{"line":126,"column":7}},"51":{"start":{"line":129,"column":2},"end":{"line":131,"column":22}},"52":{"start":{"line":130,"column":4},"end":{"line":130,"column":20}},"53":{"start":{"line":133,"column":2},"end":{"line":142,"column":4}}},"fnMap":{"0":{"name":"(anonymous_0)","decl":{"start":{"line":17,"column":23},"end":{"line":17,"column":24}},"loc":{"start":{"line":17,"column":44},"end":{"line":143,"column":1}},"line":17},"1":{"name":"(anonymous_1)","decl":{"start":{"line":26,"column":36},"end":{"line":26,"column":37}},"loc":{"start":{"line":26,"column":48},"end":{"line":36,"column":3}},"line":26},"2":{"name":"(anonymous_2)","decl":{"start":{"line":38,"column":35},"end":{"line":38,"column":36}},"loc":{"start":{"line":38,"column":65},"end":{"line":78,"column":3}},"line":38},"3":{"name":"(anonymous_3)","decl":{"start":{"line":41,"column":21},"end":{"line":41,"column":22}},"loc":{"start":{"line":41,"column":30},"end":{"line":45,"column":9}},"line":41},"4":{"name":"(anonymous_4)","decl":{"start":{"line":65,"column":21},"end":{"line":65,"column":22}},"loc":{"start":{"line":65,"column":30},"end":{"line":69,"column":9}},"line":65},"5":{"name":"(anonymous_5)","decl":{"start":{"line":80,"column":38},"end":{"line":80,"column":39}},"loc":{"start":{"line":80,"column":50},"end":{"line":103,"column":3}},"line":80},"6":{"name":"(anonymous_6)","decl":{"start":{"line":92,"column":19},"end":{"line":92,"column":20}},"loc":{"start":{"line":92,"column":28},"end":{"line":95,"column":7}},"line":92},"7":{"name":"(anonymous_7)","decl":{"start":{"line":105,"column":39},"end":{"line":105,"column":40}},"loc":{"start":{"line":105,"column":45},"end":{"line":114,"column":3}},"line":105},"8":{"name":"(anonymous_8)","decl":{"start":{"line":106,"column":17},"end":{"line":106,"column":18}},"loc":{"start":{"line":106,"column":26},"end":{"line":109,"column":5}},"line":106},"9":{"name":"(anonymous_9)","decl":{"start":{"line":116,"column":29},"end":{"line":116,"column":30}},"loc":{"start":{"line":116,"column":35},"end":{"line":127,"column":3}},"line":116},"10":{"name":"(anonymous_10)","decl":{"start":{"line":117,"column":17},"end":{"line":117,"column":18}},"loc":{"start":{"line":117,"column":26},"end":{"line":121,"column":5}},"line":117},"11":{"name":"(anonymous_11)","decl":{"start":{"line":129,"column":12},"end":{"line":129,"column":13}},"loc":{"start":{"line":129,"column":18},"end":{"line":131,"column":3}},"line":129}},"branchMap":{"0":{"loc":{"start":{"line":32,"column":15},"end":{"line":32,"column":82}},"type":"cond-expr","locations":[{"start":{"line":32,"column":38},"end":{"line":32,"column":41}},{"start":{"line":32,"column":44},"end":{"line":32,"column":82}}],"line":32},"1":{"loc":{"start":{"line":40,"column":6},"end":{"line":47,"column":7}},"type":"if","locations":[{"start":{"line":40,"column":6},"end":{"line":47,"column":7}},{"start":{},"end":{}}],"line":40},"2":{"loc":{"start":{"line":50,"column":6},"end":{"line":52,"column":7}},"type":"if","locations":[{"start":{"line":50,"column":6},"end":{"line":52,"column":7}},{"start":{},"end":{}}],"line":50},"3":{"loc":{"start":{"line":55,"column":6},"end":{"line":57,"column":7}},"type":"if","locations":[{"start":{"line":55,"column":6},"end":{"line":57,"column":7}},{"start":{},"end":{}}],"line":55},"4":{"loc":{"start":{"line":64,"column":6},"end":{"line":71,"column":7}},"type":"if","locations":[{"start":{"line":64,"column":6},"end":{"line":71,"column":7}},{"start":{},"end":{}}],"line":64},"5":{"loc":{"start":{"line":75,"column":15},"end":{"line":75,"column":78}},"type":"cond-expr","locations":[{"start":{"line":75,"column":38},"end":{"line":75,"column":41}},{"start":{"line":75,"column":44},"end":{"line":75,"column":78}}],"line":75},"6":{"loc":{"start":{"line":83,"column":6},"end":{"line":85,"column":7}},"type":"if","locations":[{"start":{"line":83,"column":6},"end":{"line":85,"column":7}},{"start":{},"end":{}}],"line":83},"7":{"loc":{"start":{"line":88,"column":6},"end":{"line":90,"column":7}},"type":"if","locations":[{"start":{"line":88,"column":6},"end":{"line":90,"column":7}},{"start":{},"end":{}}],"line":88},"8":{"loc":{"start":{"line":101,"column":15},"end":{"line":101,"column":98}},"type":"cond-expr","locations":[{"start":{"line":101,"column":38},"end":{"line":101,"column":41}},{"start":{"line":101,"column":44},"end":{"line":101,"column":98}}],"line":101}},"s":{"0":0,"1":0,"2":0,"3":0,"4":0,"5":0,"6":0,"7":0,"8":0,"9":0,"10":0,"11":0,"12":0,"13":0,"14":0,"15":0,"16":0,"17":0,"18":0,"19":0,"20":0,"21":0,"22":0,"23":0,"24":0,"25":0,"26":0,"27":0,"28":0,"29":0,"30":0,"31":0,"32":0,"33":0,"34":0,"35":0,"36":0,"37":0,"38":0,"39":0,"40":0,"41":0,"42":0,"43":0,"44":0,"45":0,"46":0,"47":0,"48":0,"49":0,"50":0,"51":0,"52":0,"53":0},"f":{"0":0,"1":0,"2":0,"3":0,"4":0,"5":0,"6":0,"7":0,"8":0,"9":0,"10":0,"11":0},"b":{"0":[0,0],"1":[0,0],"2":[0,0],"3":[0,0],"4":[0,0],"5":[0,0],"6":[0,0],"7":[0,0],"8":[0,0]}}
,"/Users/yinjames/projects/lc-totp-app/src/hooks/useTOTP.ts": {"path":"/Users/yinjames/projects/lc-totp-app/src/hooks/useTOTP.ts","statementMap":{"0":{"start":{"line":3,"column":23},"end":{"line":16,"column":1}},"1":{"start":{"line":4,"column":23},"end":{"line":6,"column":3}},"2":{"start":{"line":5,"column":4},"end":{"line":5,"column":36}},"3":{"start":{"line":8,"column":21},"end":{"line":10,"column":3}},"4":{"start":{"line":9,"column":4},"end":{"line":9,"column":41}},"5":{"start":{"line":12,"column":2},"end":{"line":15,"column":4}}},"fnMap":{"0":{"name":"(anonymous_0)","decl":{"start":{"line":3,"column":23},"end":{"line":3,"column":24}},"loc":{"start":{"line":3,"column":29},"end":{"line":16,"column":1}},"line":3},"1":{"name":"(anonymous_1)","decl":{"start":{"line":4,"column":23},"end":{"line":4,"column":24}},"loc":{"start":{"line":4,"column":51},"end":{"line":6,"column":3}},"line":4},"2":{"name":"(anonymous_2)","decl":{"start":{"line":8,"column":21},"end":{"line":8,"column":22}},"loc":{"start":{"line":8,"column":65},"end":{"line":10,"column":3}},"line":8}},"branchMap":{},"s":{"0":2,"1":27,"2":2,"3":27,"4":12,"5":27},"f":{"0":27,"1":2,"2":12},"b":{},"_coverageSchema":"1a1c01bbd47fc00a2c39e90264f33305004495a9","hash":"31e033fdba60e0efb3937920c4c2fb6d0fa881c9"}
,"/Users/yinjames/projects/lc-totp-app/src/services/storage.ts": {"path":"/Users/yinjames/projects/lc-totp-app/src/services/storage.ts","statementMap":{"0":{"start":{"line":5,"column":16},"end":{"line":5,"column":26}},"1":{"start":{"line":7,"column":30},"end":{"line":71,"column":1}},"2":{"start":{"line":10,"column":20},"end":{"line":10,"column":73}},"3":{"start":{"line":11,"column":4},"end":{"line":11,"column":46}},"4":{"start":{"line":15,"column":4},"end":{"line":15,"column":77}},"5":{"start":{"line":19,"column":20},"end":{"line":19,"column":47}},"6":{"start":{"line":20,"column":4},"end":{"line":20,"column":24}},"7":{"start":{"line":21,"column":4},"end":{"line":21,"column":40}},"8":{"start":{"line":25,"column":20},"end":{"line":25,"column":47}},"9":{"start":{"line":26,"column":18},"end":{"line":26,"column":59}},"10":{"start":{"line":26,"column":41},"end":{"line":26,"column":58}},"11":{"start":{"line":27,"column":4},"end":{"line":30,"column":5}},"12":{"start":{"line":28,"column":6},"end":{"line":28,"column":29}},"13":{"start":{"line":29,"column":6},"end":{"line":29,"column":42}},"14":{"start":{"line":34,"column":20},"end":{"line":34,"column":47}},"15":{"start":{"line":35,"column":28},"end":{"line":35,"column":68}},"16":{"start":{"line":35,"column":52},"end":{"line":35,"column":67}},"17":{"start":{"line":36,"column":4},"end":{"line":36,"column":48}},"18":{"start":{"line":41,"column":21},"end":{"line":41,"column":75}},"19":{"start":{"line":42,"column":4},"end":{"line":44,"column":39}},"20":{"start":{"line":48,"column":4},"end":{"line":48,"column":79}},"21":{"start":{"line":53,"column":22},"end":{"line":53,"column":78}},"22":{"start":{"line":54,"column":4},"end":{"line":60,"column":10}},"23":{"start":{"line":64,"column":4},"end":{"line":64,"column":82}},"24":{"start":{"line":69,"column":4},"end":{"line":69,"column":23}}},"fnMap":{"0":{"name":"(anonymous_0)","decl":{"start":{"line":9,"column":14},"end":{"line":9,"column":15}},"loc":{"start":{"line":9,"column":33},"end":{"line":12,"column":3}},"line":9},"1":{"name":"(anonymous_1)","decl":{"start":{"line":14,"column":15},"end":{"line":14,"column":16}},"loc":{"start":{"line":14,"column":47},"end":{"line":16,"column":3}},"line":14},"2":{"name":"(anonymous_2)","decl":{"start":{"line":18,"column":12},"end":{"line":18,"column":13}},"loc":{"start":{"line":18,"column":40},"end":{"line":22,"column":3}},"line":18},"3":{"name":"(anonymous_3)","decl":{"start":{"line":24,"column":15},"end":{"line":24,"column":16}},"loc":{"start":{"line":24,"column":43},"end":{"line":31,"column":3}},"line":24},"4":{"name":"(anonymous_4)","decl":{"start":{"line":26,"column":36},"end":{"line":26,"column":37}},"loc":{"start":{"line":26,"column":41},"end":{"line":26,"column":58}},"line":26},"5":{"name":"(anonymous_5)","decl":{"start":{"line":33,"column":15},"end":{"line":33,"column":16}},"loc":{"start":{"line":33,"column":37},"end":{"line":37,"column":3}},"line":33},"6":{"name":"(anonymous_6)","decl":{"start":{"line":35,"column":43},"end":{"line":35,"column":44}},"loc":{"start":{"line":35,"column":52},"end":{"line":35,"column":67}},"line":35},"7":{"name":"(anonymous_7)","decl":{"start":{"line":40,"column":15},"end":{"line":40,"column":16}},"loc":{"start":{"line":40,"column":34},"end":{"line":45,"column":3}},"line":40},"8":{"name":"(anonymous_8)","decl":{"start":{"line":47,"column":16},"end":{"line":47,"column":17}},"loc":{"start":{"line":47,"column":49},"end":{"line":49,"column":3}},"line":47},"9":{"name":"(anonymous_9)","decl":{"start":{"line":52,"column":16},"end":{"line":52,"column":17}},"loc":{"start":{"line":52,"column":33},"end":{"line":61,"column":3}},"line":52},"10":{"name":"(anonymous_10)","decl":{"start":{"line":63,"column":17},"end":{"line":63,"column":18}},"loc":{"start":{"line":63,"column":49},"end":{"line":65,"column":3}},"line":63},"11":{"name":"(anonymous_11)","decl":{"start":{"line":68,"column":12},"end":{"line":68,"column":13}},"loc":{"start":{"line":68,"column":24},"end":{"line":70,"column":3}},"line":68}},"branchMap":{"0":{"loc":{"start":{"line":11,"column":11},"end":{"line":11,"column":45}},"type":"cond-expr","locations":[{"start":{"line":11,"column":21},"end":{"line":11,"column":40}},{"start":{"line":11,"column":43},"end":{"line":11,"column":45}}],"line":11},"1":{"loc":{"start":{"line":27,"column":4},"end":{"line":30,"column":5}},"type":"if","locations":[{"start":{"line":27,"column":4},"end":{"line":30,"column":5}},{"start":{},"end":{}}],"line":27},"2":{"loc":{"start":{"line":42,"column":11},"end":{"line":44,"column":38}},"type":"cond-expr","locations":[{"start":{"line":43,"column":8},"end":{"line":43,"column":28}},{"start":{"line":44,"column":8},"end":{"line":44,"column":38}}],"line":42},"3":{"loc":{"start":{"line":54,"column":11},"end":{"line":60,"column":9}},"type":"cond-expr","locations":[{"start":{"line":55,"column":8},"end":{"line":55,"column":29}},{"start":{"line":56,"column":8},"end":{"line":60,"column":9}}],"line":54}},"s":{"0":0,"1":0,"2":0,"3":0,"4":0,"5":0,"6":0,"7":0,"8":0,"9":0,"10":0,"11":0,"12":0,"13":0,"14":0,"15":0,"16":0,"17":0,"18":0,"19":0,"20":0,"21":0,"22":0,"23":0,"24":0},"f":{"0":0,"1":0,"2":0,"3":0,"4":0,"5":0,"6":0,"7":0,"8":0,"9":0,"10":0,"11":0},"b":{"0":[0,0],"1":[0,0],"2":[0,0],"3":[0,0]}}
,"/Users/yinjames/projects/lc-totp-app/src/services/theme.ts": {"path":"/Users/yinjames/projects/lc-totp-app/src/services/theme.ts","statementMap":{"0":{"start":{"line":1,"column":22},"end":{"line":18,"column":1}},"1":{"start":{"line":20,"column":23},"end":{"line":26,"column":1}},"2":{"start":{"line":28,"column":26},"end":{"line":58,"column":1}}},"fnMap":{},"branchMap":{},"s":{"0":1,"1":1,"2":1},"f":{},"b":{},"_coverageSchema":"1a1c01bbd47fc00a2c39e90264f33305004495a9","hash":"6a0950b1a698c23683e2e5ace98ab0236cca02ca"}
,"/Users/yinjames/projects/lc-totp-app/src/services/totpService.ts": {"path":"/Users/yinjames/projects/lc-totp-app/src/services/totpService.ts","statementMap":{"0":{"start":{"line":8,"column":28},"end":{"line":10,"column":1}},"1":{"start":{"line":9,"column":2},"end":{"line":9,"column":40}},"2":{"start":{"line":18,"column":26},"end":{"line":29,"column":1}},"3":{"start":{"line":20,"column":2},"end":{"line":22,"column":3}},"4":{"start":{"line":21,"column":4},"end":{"line":21,"column":17}},"5":{"start":{"line":24,"column":2},"end":{"line":28,"column":3}},"6":{"start":{"line":25,"column":4},"end":{"line":25,"column":51}},"7":{"start":{"line":27,"column":4},"end":{"line":27,"column":17}}},"fnMap":{"0":{"name":"(anonymous_0)","decl":{"start":{"line":8,"column":28},"end":{"line":8,"column":29}},"loc":{"start":{"line":8,"column":56},"end":{"line":10,"column":1}},"line":8},"1":{"name":"(anonymous_1)","decl":{"start":{"line":18,"column":26},"end":{"line":18,"column":27}},"loc":{"start":{"line":18,"column":70},"end":{"line":29,"column":1}},"line":18}},"branchMap":{"0":{"loc":{"start":{"line":20,"column":2},"end":{"line":22,"column":3}},"type":"if","locations":[{"start":{"line":20,"column":2},"end":{"line":22,"column":3}},{"start":{},"end":{}}],"line":20}},"s":{"0":3,"1":5,"2":3,"3":4,"4":2,"5":2,"6":2,"7":0},"f":{"0":5,"1":4},"b":{"0":[2,2]},"_coverageSchema":"1a1c01bbd47fc00a2c39e90264f33305004495a9","hash":"90d9f74094f8ffc9a625a9f8b94656eac037e05d"}
,"/Users/yinjames/projects/lc-totp-app/src/types/totp.ts": {"path":"/Users/yinjames/projects/lc-totp-app/src/types/totp.ts","statementMap":{},"fnMap":{},"branchMap":{},"s":{},"f":{},"b":{}}
,"/Users/yinjames/projects/lc-totp-app/src/utils/totp_default_config.ts": {"path":"/Users/yinjames/projects/lc-totp-app/src/utils/totp_default_config.ts","statementMap":{"0":{"start":{"line":3,"column":34},"end":{"line":19,"column":1}}},"fnMap":{},"branchMap":{},"s":{"0":0},"f":{},"b":{}}
}
